[0mPOST /v1/api/auth/register [0m-[0m - ms - -[0m
[0mPOST /v1/api/auth/register [0m-[0m - ms - -[0m
[0mPOST /v1/api/auth/register [31m500[0m 26.739 ms - 632[0m
[0mPOST /v1/api/auth/register [0m-[0m - ms - -[0m
[0mPOST /v1/api/auth/register [0m-[0m - ms - -[0m
[0mPOST /v1/api/auth/register [31m500[0m 212.244 ms - 454[0m
[0mPOST /v1/api/auth/register [31m500[0m 82.542 ms - 454[0m
[0mPOST /v1/api/auth/register [31m500[0m 157.598 ms - 514[0m
[0mPOST /v1/api/auth/register [31m500[0m 115.134 ms - 454[0m
[0mPOST /v1/api/auth/register [31m500[0m 63.669 ms - 454[0m
[0mOPTIONS /v1/api/auth/refresh-token [32m204[0m 0.789 ms - 0[0m
[0mOPTIONS /v1/api/auth/refresh-token [32m204[0m 0.396 ms - 0[0m
[0mPOST /v1/api/auth/refresh-token [33m401[0m 15.545 ms - 39[0m
[0mPOST /v1/api/auth/refresh-token [33m401[0m 0.684 ms - 39[0m
[0mOPTIONS /v1/api/auth/register [32m204[0m 0.306 ms - 0[0m
[0mPOST /v1/api/auth/register [31m500[0m 94.881 ms - 514[0m
[0mOPTIONS /v1/api/auth/register [32m204[0m 5.191 ms - 0[0m
[0mPOST /v1/api/auth/register [31m500[0m 124.022 ms - 454[0m
[0mOPTIONS /v1/api/auth/register [32m204[0m 0.542 ms - 0[0m
[0mPOST /v1/api/auth/register [31m500[0m 138.342 ms - 514[0m
[0mOPTIONS /v1/api/auth/register [32m204[0m 2.041 ms - 0[0m
[0mPOST /v1/api/auth/register [31m500[0m 95.536 ms - 454[0m
[0mOPTIONS /v1/api/auth/register [32m204[0m 3.192 ms - 0[0m
[0mPOST /v1/api/auth/register [31m500[0m 185.610 ms - 514[0m
[0mOPTIONS /v1/api/auth/register [32m204[0m 3.502 ms - 0[0m
[0mPOST /v1/api/auth/register [31m500[0m 190.515 ms - 464[0m
[0mOPTIONS /v1/api/auth/register [32m204[0m 2.857 ms - 0[0m
[0mPOST /v1/api/auth/register [31m500[0m 87.897 ms - 454[0m
[0mOPTIONS /v1/api/auth/register [32m204[0m 2.836 ms - 0[0m
[0mPOST /v1/api/auth/register [31m500[0m 163.293 ms - 464[0m
[0mOPTIONS /v1/api/auth/register [32m204[0m 3.090 ms - 0[0m
[0mPOST /v1/api/auth/register [31m500[0m 162.477 ms - 464[0m
[0mOPTIONS /v1/api/auth/register [32m204[0m 1.797 ms - 0[0m
[0mPOST /v1/api/auth/register [31m500[0m 92.048 ms - 387[0m
[0mOPTIONS /v1/api/auth/register [32m204[0m 2.910 ms - 0[0m
[0mPOST /v1/api/auth/register [31m500[0m 73.069 ms - 387[0m
[0mOPTIONS /v1/api/auth/register [32m204[0m 0.366 ms - 0[0m
[0mPOST /v1/api/auth/register [31m500[0m 110.969 ms - 464[0m
[0mOPTIONS /v1/api/auth/register [32m204[0m 2.289 ms - 0[0m
[0mPOST /v1/api/auth/register [31m500[0m 154.900 ms - 474[0m
[0mOPTIONS /v1/api/auth/register [32m204[0m 2.871 ms - 0[0m
[0mPOST /v1/api/auth/register [31m500[0m 79.475 ms - 387[0m
[0mOPTIONS /v1/api/auth/refresh-token [32m204[0m 2.550 ms - 0[0m
[0mOPTIONS /v1/api/auth/refresh-token [32m204[0m 0.419 ms - 0[0m
[0mPOST /v1/api/auth/refresh-token [33m401[0m 16.320 ms - 39[0m
[0mPOST /v1/api/auth/refresh-token [33m401[0m 1.677 ms - 39[0m
[0mOPTIONS /v1/api/auth/refresh-token [32m204[0m 0.316 ms - 0[0m
[0mOPTIONS /v1/api/auth/refresh-token [32m204[0m 0.278 ms - 0[0m
[0mPOST /v1/api/auth/refresh-token [33m401[0m 3.935 ms - 39[0m
[0mPOST /v1/api/auth/refresh-token [33m401[0m 2.745 ms - 39[0m
[0mOPTIONS /v1/api/auth/register [32m204[0m 0.257 ms - 0[0m
[0mPOST /v1/api/auth/register [31m500[0m 156.753 ms - 515[0m
[0mOPTIONS /v1/api/auth/register [32m204[0m 1.743 ms - 0[0m
[0mPOST /v1/api/auth/register [31m500[0m 75.599 ms - 387[0m
[0mOPTIONS /v1/api/auth/register [32m204[0m 3.130 ms - 0[0m
[0mPOST /v1/api/auth/register [31m500[0m 154.518 ms - 515[0m
[0mOPTIONS /v1/api/auth/register [32m204[0m 2.357 ms - 0[0m
[0mPOST /v1/api/auth/register [32m201[0m 158.163 ms - 406[0m
[0mOPTIONS /v1/api/app/profile?id=1 [32m204[0m 0.205 ms - 0[0m
[0mOPTIONS /v1/api/app/profile?id=1 [32m204[0m 0.368 ms - 0[0m
[0mGET /v1/api/app/profile?id=1 [33m404[0m 2.577 ms - 157[0m
[0mGET /v1/api/app/profile?id=1 [33m404[0m 1.028 ms - 157[0m
[0mOPTIONS /v1/api/auth/logout [32m204[0m 0.283 ms - 0[0m
[0mOPTIONS /v1/api/auth/logout [32m204[0m 0.243 ms - 0[0m
[0mPOST /v1/api/auth/logout [32m200[0m 2.714 ms - 37[0m
[0mPOST /v1/api/auth/logout [32m200[0m 1.375 ms - 37[0m
[0mOPTIONS /v1/api/auth/login [32m204[0m 0.420 ms - 0[0m
[0mPOST /v1/api/auth/login [31m500[0m 73.288 ms - 377[0m
[0mOPTIONS /v1/api/auth/login [32m204[0m 2.355 ms - 0[0m
[0mPOST /v1/api/auth/login [31m500[0m 125.392 ms - 377[0m
[0mOPTIONS /v1/api/auth/register [32m204[0m 0.315 ms - 0[0m
[0mPOST /v1/api/auth/register [32m201[0m 113.347 ms - 413[0m
[0mOPTIONS /v1/api/auth/logout [32m204[0m 2.188 ms - 0[0m
[0mPOST /v1/api/auth/logout [32m200[0m 24.582 ms - 37[0m
[0mOPTIONS /v1/api/auth/logout [32m204[0m 0.323 ms - 0[0m
[0mPOST /v1/api/auth/logout [32m200[0m 1.672 ms - 37[0m
[0mOPTIONS /v1/api/auth/register [32m204[0m 0.302 ms - 0[0m
[0mPOST /v1/api/auth/register [32m201[0m 156.632 ms - 406[0m
[0mOPTIONS /v1/api/auth/logout [32m204[0m 1.556 ms - 0[0m
[0mPOST /v1/api/auth/logout [32m200[0m 16.753 ms - 37[0m
[0mOPTIONS /v1/api/auth/logout [32m204[0m 0.523 ms - 0[0m
[0mPOST /v1/api/auth/logout [32m200[0m 2.003 ms - 37[0m
[0mOPTIONS /v1/api/auth/register [32m204[0m 0.323 ms - 0[0m
[0mPOST /v1/api/auth/register [32m201[0m 151.594 ms - 406[0m
[0mOPTIONS /v1/api/auth/logout [32m204[0m 2.525 ms - 0[0m
[0mPOST /v1/api/auth/logout [32m200[0m 20.090 ms - 37[0m
[0mOPTIONS /v1/api/auth/logout [32m204[0m 0.500 ms - 0[0m
[0mPOST /v1/api/auth/logout [32m200[0m 1.657 ms - 37[0m
[0mOPTIONS /v1/api/auth/login [32m204[0m 0.269 ms - 0[0m
[0mPOST /v1/api/auth/login [31m500[0m 131.037 ms - 377[0m
[0mOPTIONS /v1/api/auth/register [32m204[0m 4.346 ms - 0[0m
[0mPOST /v1/api/auth/register [32m201[0m 164.567 ms - 402[0m
[0mOPTIONS /v1/api/auth/logout [32m204[0m 2.415 ms - 0[0m
[0mPOST /v1/api/auth/logout [32m200[0m 18.332 ms - 37[0m
[0mOPTIONS /v1/api/auth/logout [32m204[0m 0.446 ms - 0[0m
[0mPOST /v1/api/auth/logout [32m200[0m 1.581 ms - 37[0m
[0mOPTIONS /v1/api/auth/login [32m204[0m 0.292 ms - 0[0m
[0mPOST /v1/api/auth/login [31m500[0m 118.722 ms - 445[0m
[0mOPTIONS /v1/api/auth/login [32m204[0m 3.340 ms - 0[0m
[0mPOST /v1/api/auth/login [31m500[0m 132.605 ms - 444[0m
[0mOPTIONS /v1/api/auth/login [32m204[0m 3.512 ms - 0[0m
[0mPOST /v1/api/auth/login [31m500[0m 136.527 ms - 444[0m
[0mOPTIONS /v1/api/auth/login [32m204[0m 0.354 ms - 0[0m
[0mPOST /v1/api/auth/login [33m404[0m 15.665 ms - 28[0m
[0mOPTIONS /v1/api/auth/register [32m204[0m 0.248 ms - 0[0m
[0mPOST /v1/api/auth/register [32m201[0m 92.569 ms - 406[0m
[0mOPTIONS /v1/api/auth/logout [32m204[0m 0.250 ms - 0[0m
[0mPOST /v1/api/auth/logout [32m200[0m 1.350 ms - 37[0m
[0mOPTIONS /v1/api/auth/logout [32m204[0m 0.262 ms - 0[0m
[0mPOST /v1/api/auth/logout [32m200[0m 5.307 ms - 37[0m
[0mOPTIONS /v1/api/auth/login [32m204[0m 0.352 ms - 0[0m
[0mPOST /v1/api/auth/login [32m200[0m 80.095 ms - 364[0m
[0mOPTIONS /v1/api/auth/login [32m204[0m 2.544 ms - 0[0m
[0mPOST /v1/api/auth/login [32m200[0m 139.883 ms - 364[0m
[0mOPTIONS /v1/api/auth/refresh-token [32m204[0m 0.341 ms - 0[0m
[0mOPTIONS /v1/api/auth/refresh-token [32m204[0m 0.349 ms - 0[0m
[0mPOST /v1/api/auth/refresh-token [32m200[0m 23.673 ms - 402[0m
[0mPOST /v1/api/auth/refresh-token [32m200[0m 5.240 ms - 402[0m
[0mOPTIONS /v1/api/auth/refresh-token [32m204[0m 0.622 ms - 0[0m
[0mPOST /v1/api/auth/refresh-token [32m200[0m 11.029 ms - 402[0m
[0mOPTIONS /v1/api/auth/refresh-token [32m204[0m 0.248 ms - 0[0m
[0mPOST /v1/api/auth/refresh-token [32m200[0m 7.233 ms - 402[0m
[0mOPTIONS /v1/api/auth/refresh-token [32m204[0m 11.597 ms - 0[0m
[0mOPTIONS /v1/api/auth/refresh-token [32m204[0m 0.395 ms - 0[0m
[0mPOST /v1/api/auth/refresh-token [32m200[0m 40.275 ms - 402[0m
[0mPOST /v1/api/auth/refresh-token [32m200[0m 8.167 ms - 402[0m
[0mOPTIONS /v1/api/auth/logout [32m204[0m 0.530 ms - 0[0m
[0mPOST /v1/api/auth/logout [32m200[0m 4.064 ms - 37[0m
[0mOPTIONS /v1/api/auth/logout [32m204[0m 0.228 ms - 0[0m
[0mPOST /v1/api/auth/logout [32m200[0m 1.186 ms - 37[0m
[0mOPTIONS /v1/api/auth/login [32m204[0m 0.670 ms - 0[0m
[0mPOST /v1/api/auth/login [32m200[0m 159.661 ms - 364[0m
[0mOPTIONS /v1/api/app/profile?id=1 [32m204[0m 0.364 ms - 0[0m
[0mOPTIONS /v1/api/app/profile?id=1 [32m204[0m 0.334 ms - 0[0m
[0mGET /v1/api/app/profile?id=1 [33m404[0m 9.529 ms - 157[0m
[0mGET /v1/api/app/profile?id=1 [33m404[0m 0.799 ms - 157[0m
[0mOPTIONS /v1/api/app/profile?id=1 [32m204[0m 0.305 ms - 0[0m
[0mOPTIONS /v1/api/app/profile?id=1 [32m204[0m 0.259 ms - 0[0m
[0mGET /v1/api/app/profile?id=1 [33m404[0m 0.767 ms - 157[0m
[0mGET /v1/api/app/profile?id=1 [33m404[0m 3.155 ms - 157[0m
[0mOPTIONS /v1/api/auth/logout [32m204[0m 3.061 ms - 0[0m
[0mPOST /v1/api/auth/logout [32m200[0m 25.680 ms - 37[0m
[0mOPTIONS /v1/api/auth/logout [32m204[0m 0.317 ms - 0[0m
[0mPOST /v1/api/auth/logout [32m200[0m 1.721 ms - 37[0m
[0mOPTIONS /v1/api/auth/login [32m204[0m 2.117 ms - 0[0m
[0mPOST /v1/api/auth/login [33m400[0m 29.446 ms - 417[0m
[0mOPTIONS /v1/api/auth/refresh-token [32m204[0m 5.007 ms - 0[0m
[0mOPTIONS /v1/api/auth/refresh-token [32m204[0m 0.501 ms - 0[0m
[0mPOST /v1/api/auth/refresh-token [32m200[0m 31.923 ms - 402[0m
[0mPOST /v1/api/auth/refresh-token [32m200[0m 5.940 ms - 402[0m
[0mOPTIONS /v1/api/auth/login [32m204[0m 0.268 ms - 0[0m
[0mPOST /v1/api/auth/login [32m200[0m 138.169 ms - 364[0m
